<?xml version="1.0" encoding="UTF-8"?>
<testsuite xmlns:xsi="http://www.w3.org/2001/XMLSchema-instance" xsi:noNamespaceSchemaLocation="https://maven.apache.org/surefire/maven-surefire-plugin/xsd/surefire-test-report-3.0.xsd" version="3.0" name="TestSuite" time="5.767" tests="1" errors="0" skipped="0" failures="1">
  <properties>
[...]
</properties>
  <testcase name="runScenario[&quot;Validate login attempts and account blocking behavior&quot;, &quot;Harley Enterprise : API Login Testing&quot;](1)" classname="testRunner.TestRunnerClass" time="3.191">
    <failure message="verify Msg expected [Your OTP has expired, Please try again] but found [Your account has been blocked for 15 minutes. Please try after 15 minutes ]" type="java.lang.AssertionError"><![CDATA[java.lang.AssertionError: verify Msg expected [Your OTP has expired, Please try again] but found [Your account has been blocked for 15 minutes. Please try after 15 minutes ]
	at org.testng.Assert.fail(Assert.java:111)
	at org.testng.Assert.failNotEquals(Assert.java:1578)
	at org.testng.Assert.assertEqualsImpl(Assert.java:150)
	at org.testng.Assert.assertEquals(Assert.java:132)
	at org.testng.Assert.assertEquals(Assert.java:656)
	at stepDefinition.Tc2_External_Login_Otp.the_response_status_for_invalid_otp_should_be_with_message_error_description_and_error_code(Tc2_External_Login_Otp.java:667)
	at ✽.the response status for Invalid otp should be 200 with message "Your account has been blocked for 15 minutes. Please try after 15 minutes ", errorDescription "Unable to process Your Request" and errorCode 1003(file:///C:/Users/Welcome/eclipse-workspace/Harley_Project/src/test/resources/Features/External_Login_Otp.feature:241)
]]></failure>
    <system-out><![CDATA[Request method:	POST
Request URI:	https://uat-apim.heromotocorp.com/enterprise/api/verifyOtpExternal
Proxy:			<none>
Request params:	<none>
Query params:	<none>
Form params:	<none>
Path params:	<none>
Headers:		appid=External
				specificAppId=Harley
				ocp-apim-subscription-key=2b6bbec34ce14a32b968411d7956e24c
				Accept=*/*
				Content-Type=application/json
Cookies:		<none>
Multiparts:		<none>
Body:
{
    "data": {
        "loginId": "8989457091",
        "otp": "123478",
        "isdCode": "+91",
        "deviceType": "IOS",
        "osVersion": "15.1",
        "appVersion": "10",
        "deviceModel": "x86_64",
        "firebaseToken": "e9f_Vt_lRhK-GmPxDe2BkF:APA91bGec-ldCPcUWQ03iI9gE7yKsDTFavbB2_1Twh_GRrwLiHrDlSmEXCktaSkG9UoqCS0L2VlrJNv8u7WtKGOVu9byo5xVibFUL2xMhUFVpbuznqAZOQNqdvm-PfPJNTUEj5Rq_sGy"
    }
}
{
    "success": false,
    "message": "Your OTP has expired, Please try again",
    "errorCode": 1004,
    "errorDescription": "Unable to process Your Request"
}
Request method:	POST
Request URI:	https://uat-apim.heromotocorp.com/enterprise/api/verifyOtpExternal
Proxy:			<none>
Request params:	<none>
Query params:	<none>
Form params:	<none>
Path params:	<none>
Headers:		appid=External
				specificAppId=Harley
				ocp-apim-subscription-key=2b6bbec34ce14a32b968411d7956e24c
				Accept=*/*
				Content-Type=application/json
Cookies:		<none>
Multiparts:		<none>
Body:
{
    "data": {
        "loginId": "8989457091",
        "otp": "123478",
        "isdCode": "+91",
        "deviceType": "IOS",
        "osVersion": "15.1",
        "appVersion": "10",
        "deviceModel": "x86_64",
        "firebaseToken": "e9f_Vt_lRhK-GmPxDe2BkF:APA91bGec-ldCPcUWQ03iI9gE7yKsDTFavbB2_1Twh_GRrwLiHrDlSmEXCktaSkG9UoqCS0L2VlrJNv8u7WtKGOVu9byo5xVibFUL2xMhUFVpbuznqAZOQNqdvm-PfPJNTUEj5Rq_sGy"
    }
}
{
    "success": false,
    "message": "Your OTP has expired, Please try again",
    "errorCode": 1004,
    "errorDescription": "Unable to process Your Request"
}
Request method:	POST
Request URI:	https://uat-apim.heromotocorp.com/enterprise/api/verifyOtpExternal
Proxy:			<none>
Request params:	<none>
Query params:	<none>
Form params:	<none>
Path params:	<none>
Headers:		appid=External
				specificAppId=Harley
				ocp-apim-subscription-key=2b6bbec34ce14a32b968411d7956e24c
				Accept=*/*
				Content-Type=application/json
Cookies:		<none>
Multiparts:		<none>
Body:
{
    "data": {
        "loginId": "8989457091",
        "otp": "123478",
        "isdCode": "+91",
        "deviceType": "IOS",
        "osVersion": "15.1",
        "appVersion": "10",
        "deviceModel": "x86_64",
        "firebaseToken": "e9f_Vt_lRhK-GmPxDe2BkF:APA91bGec-ldCPcUWQ03iI9gE7yKsDTFavbB2_1Twh_GRrwLiHrDlSmEXCktaSkG9UoqCS0L2VlrJNv8u7WtKGOVu9byo5xVibFUL2xMhUFVpbuznqAZOQNqdvm-PfPJNTUEj5Rq_sGy"
    }
}
{
    "success": false,
    "message": "Your OTP has expired, Please try again",
    "errorCode": 1004,
    "errorDescription": "Unable to process Your Request"
}
Request method:	POST
Request URI:	https://uat-apim.heromotocorp.com/enterprise/api/verifyOtpExternal
Proxy:			<none>
Request params:	<none>
Query params:	<none>
Form params:	<none>
Path params:	<none>
Headers:		appid=External
				specificAppId=Harley
				ocp-apim-subscription-key=2b6bbec34ce14a32b968411d7956e24c
				Accept=*/*
				Content-Type=application/json
Cookies:		<none>
Multiparts:		<none>
Body:
{
    "data": {
        "loginId": "8989457091",
        "otp": "123478",
        "isdCode": "+91",
        "deviceType": "IOS",
        "osVersion": "15.1",
        "appVersion": "10",
        "deviceModel": "x86_64",
        "firebaseToken": "e9f_Vt_lRhK-GmPxDe2BkF:APA91bGec-ldCPcUWQ03iI9gE7yKsDTFavbB2_1Twh_GRrwLiHrDlSmEXCktaSkG9UoqCS0L2VlrJNv8u7WtKGOVu9byo5xVibFUL2xMhUFVpbuznqAZOQNqdvm-PfPJNTUEj5Rq_sGy"
    }
}
{
    "success": false,
    "message": "Your OTP has expired, Please try again",
    "errorCode": 1004,
    "errorDescription": "Unable to process Your Request"
}
Request method:	POST
Request URI:	https://uat-apim.heromotocorp.com/enterprise/api/verifyOtpExternal
Proxy:			<none>
Request params:	<none>
Query params:	<none>
Form params:	<none>
Path params:	<none>
Headers:		appid=External
				specificAppId=Harley
				ocp-apim-subscription-key=2b6bbec34ce14a32b968411d7956e24c
				Accept=*/*
				Content-Type=application/json
Cookies:		<none>
Multiparts:		<none>
Body:
{
    "data": {
        "loginId": "8989457091",
        "otp": "123478",
        "isdCode": "+91",
        "deviceType": "IOS",
        "osVersion": "15.1",
        "appVersion": "10",
        "deviceModel": "x86_64",
        "firebaseToken": "e9f_Vt_lRhK-GmPxDe2BkF:APA91bGec-ldCPcUWQ03iI9gE7yKsDTFavbB2_1Twh_GRrwLiHrDlSmEXCktaSkG9UoqCS0L2VlrJNv8u7WtKGOVu9byo5xVibFUL2xMhUFVpbuznqAZOQNqdvm-PfPJNTUEj5Rq_sGy"
    }
}
{
    "success": false,
    "message": "Your OTP has expired, Please try again",
    "errorCode": 1004,
    "errorDescription": "Unable to process Your Request"
}
]]></system-out>
    <system-err><![CDATA[SLF4J: Failed to load class "org.slf4j.impl.StaticLoggerBinder".
SLF4J: Defaulting to no-operation (NOP) logger implementation
SLF4J: See http://www.slf4j.org/codes.html#StaticLoggerBinder for further details.
]]></system-err>
  </testcase>
</testsuite>