<?xml version="1.0" encoding="UTF-8"?>
<testng-results ignored="0" total="2" passed="2" failed="0" skipped="0">
  <reporter-output>
  </reporter-output>
  <suite started-at="2024-12-04T16:19:51 IST" name="Default suite" finished-at="2024-12-04T16:19:56 IST" duration-ms="5223">
    <groups>
      <group name="cucumber">
        <method signature="AbstractTestNGCucumberTests.runScenario(io.cucumber.testng.PickleWrapper,io.cucumber.testng.FeatureWrapper)[pri:0, instance:testRunner.TestRunnerClass@610f7aa]" name="runScenario" class="io.cucumber.testng.AbstractTestNGCucumberTests"/>
      </group> <!-- cucumber -->
    </groups>
    <test started-at="2024-12-04T16:19:51 IST" name="Default test" finished-at="2024-12-04T16:19:56 IST" duration-ms="5223">
      <class name="testRunner.TestRunnerClass">
        <test-method is-config="true" signature="setUpClass(org.testng.ITestContext)[pri:0, instance:testRunner.TestRunnerClass@610f7aa]" started-at="2024-12-04T16:19:51 IST" name="setUpClass" finished-at="2024-12-04T16:19:51 IST" duration-ms="544" status="PASS">
          <params>
            <param index="0">
              <value>
                <![CDATA[org.testng.TestRunner@7adff6cb]]>
              </value>
            </param>
          </params>
          <reporter-output>
          </reporter-output>
        </test-method> <!-- setUpClass -->
        <test-method signature="runScenario(io.cucumber.testng.PickleWrapper,io.cucumber.testng.FeatureWrapper)[pri:0, instance:testRunner.TestRunnerClass@610f7aa]" started-at="2024-12-04T16:19:51 IST" name="runScenario" description="Runs Cucumber Scenarios" data-provider="scenarios" finished-at="2024-12-04T16:19:54 IST" duration-ms="2562" status="PASS">
          <params>
            <param index="0">
              <value>
                <![CDATA["Successful login with valid mobile number for valid otp"]]>
              </value>
            </param>
            <param index="1">
              <value>
                <![CDATA["Harley Enterprise : API Login Testing"]]>
              </value>
            </param>
          </params>
          <reporter-output>
          </reporter-output>
        </test-method> <!-- runScenario -->
        <test-method signature="runScenario(io.cucumber.testng.PickleWrapper,io.cucumber.testng.FeatureWrapper)[pri:0, instance:testRunner.TestRunnerClass@610f7aa]" started-at="2024-12-04T16:19:54 IST" name="runScenario" description="Runs Cucumber Scenarios" data-provider="scenarios" finished-at="2024-12-04T16:19:54 IST" duration-ms="338" status="PASS">
          <params>
            <param index="0">
              <value>
                <![CDATA["Successful login with OTP verification"]]>
              </value>
            </param>
            <param index="1">
              <value>
                <![CDATA["Harley Enterprise : API Login Testing"]]>
              </value>
            </param>
          </params>
          <reporter-output>
          </reporter-output>
        </test-method> <!-- runScenario -->
        <test-method is-config="true" signature="tearDownClass()[pri:0, instance:testRunner.TestRunnerClass@610f7aa]" started-at="2024-12-04T16:19:54 IST" name="tearDownClass" finished-at="2024-12-04T16:19:56 IST" duration-ms="1737" status="PASS">
          <reporter-output>
          </reporter-output>
        </test-method> <!-- tearDownClass -->
      </class> <!-- testRunner.TestRunnerClass -->
    </test> <!-- Default test -->
  </suite> <!-- Default suite -->
</testng-results>
